<?xml version="1.0" encoding="UTF-8"?>
<testsuite xmlns:xsi="http://www.w3.org/2001/XMLSchema-instance" xsi:noNamespaceSchemaLocation="https://maven.apache.org/surefire/maven-surefire-plugin/xsd/surefire-test-report-3.0.xsd" version="3.0" name="edu.utfpr.MainTest" time="0.053" tests="19" errors="0" skipped="0" failures="0">
  <properties>
    <property name="java.specification.version" value="17"/>
    <property name="sun.jnu.encoding" value="UTF-8"/>
    <property name="java.class.path" value="/Users/brenofarias/Documents/My Files/Backup/GitHub/Public/Master-UTFPR/PPGCC12 - Software Testing/Activities/Activity 04 - Mutators/target/test-classes:/Users/brenofarias/Documents/My Files/Backup/GitHub/Public/Master-UTFPR/PPGCC12 - Software Testing/Activities/Activity 04 - Mutators/target/classes:/Users/brenofarias/.m2/repository/org/jacoco/jacoco-maven-plugin/0.8.11/jacoco-maven-plugin-0.8.11.jar:/Users/brenofarias/.m2/repository/org/codehaus/plexus/plexus-utils/3.0.24/plexus-utils-3.0.24.jar:/Users/brenofarias/.m2/repository/org/apache/maven/shared/file-management/3.1.0/file-management-3.1.0.jar:/Users/brenofarias/.m2/repository/org/slf4j/slf4j-api/1.7.36/slf4j-api-1.7.36.jar:/Users/brenofarias/.m2/repository/commons-io/commons-io/2.11.0/commons-io-2.11.0.jar:/Users/brenofarias/.m2/repository/org/apache/maven/reporting/maven-reporting-api/3.0/maven-reporting-api-3.0.jar:/Users/brenofarias/.m2/repository/org/jacoco/org.jacoco.agent/0.8.11/org.jacoco.agent-0.8.11-runtime.jar:/Users/brenofarias/.m2/repository/org/jacoco/org.jacoco.core/0.8.11/org.jacoco.core-0.8.11.jar:/Users/brenofarias/.m2/repository/org/ow2/asm/asm/9.6/asm-9.6.jar:/Users/brenofarias/.m2/repository/org/ow2/asm/asm-commons/9.6/asm-commons-9.6.jar:/Users/brenofarias/.m2/repository/org/ow2/asm/asm-tree/9.6/asm-tree-9.6.jar:/Users/brenofarias/.m2/repository/org/jacoco/org.jacoco.report/0.8.11/org.jacoco.report-0.8.11.jar:/Users/brenofarias/.m2/repository/org/apache/maven/plugins/maven-surefire-report-plugin/3.2.5/maven-surefire-report-plugin-3.2.5.jar:/Users/brenofarias/.m2/repository/org/apache/maven/surefire/surefire-report-parser/3.2.5/surefire-report-parser-3.2.5.jar:/Users/brenofarias/.m2/repository/org/apache/maven/surefire/surefire-logger-api/3.2.5/surefire-logger-api-3.2.5.jar:/Users/brenofarias/.m2/repository/org/apache/maven/shared/maven-shared-utils/3.3.4/maven-shared-utils-3.3.4.jar:/Users/brenofarias/.m2/repository/org/apache/maven/doxia/doxia-sink-api/1.12.0/doxia-sink-api-1.12.0.jar:/Users/brenofarias/.m2/repository/org/apache/maven/doxia/doxia-logging-api/1.12.0/doxia-logging-api-1.12.0.jar:/Users/brenofarias/.m2/repository/org/apache/maven/doxia/doxia-core/1.12.0/doxia-core-1.12.0.jar:/Users/brenofarias/.m2/repository/org/codehaus/plexus/plexus-container-default/2.1.0/plexus-container-default-2.1.0.jar:/Users/brenofarias/.m2/repository/org/codehaus/plexus/plexus-classworlds/2.6.0/plexus-classworlds-2.6.0.jar:/Users/brenofarias/.m2/repository/org/apache/xbean/xbean-reflect/3.7/xbean-reflect-3.7.jar:/Users/brenofarias/.m2/repository/com/google/collections/google-collections/1.0/google-collections-1.0.jar:/Users/brenofarias/.m2/repository/org/codehaus/plexus/plexus-component-annotations/2.1.0/plexus-component-annotations-2.1.0.jar:/Users/brenofarias/.m2/repository/org/apache/commons/commons-lang3/3.8.1/commons-lang3-3.8.1.jar:/Users/brenofarias/.m2/repository/org/apache/commons/commons-text/1.3/commons-text-1.3.jar:/Users/brenofarias/.m2/repository/org/apache/httpcomponents/httpclient/4.5.13/httpclient-4.5.13.jar:/Users/brenofarias/.m2/repository/commons-logging/commons-logging/1.2/commons-logging-1.2.jar:/Users/brenofarias/.m2/repository/commons-codec/commons-codec/1.11/commons-codec-1.11.jar:/Users/brenofarias/.m2/repository/org/apache/httpcomponents/httpcore/4.4.14/httpcore-4.4.14.jar:/Users/brenofarias/.m2/repository/org/apache/maven/reporting/maven-reporting-impl/3.2.0/maven-reporting-impl-3.2.0.jar:/Users/brenofarias/.m2/repository/org/apache/maven/maven-artifact/3.1.0/maven-artifact-3.1.0.jar:/Users/brenofarias/.m2/repository/org/apache/maven/doxia/doxia-decoration-model/1.11.1/doxia-decoration-model-1.11.1.jar:/Users/brenofarias/.m2/repository/org/apache/maven/doxia/doxia-integration-tools/1.11.1/doxia-integration-tools-1.11.1.jar:/Users/brenofarias/.m2/repository/org/apache/maven/maven-model/2.2.1/maven-model-2.2.1.jar:/Users/brenofarias/.m2/repository/org/codehaus/plexus/plexus-i18n/1.0-beta-10/plexus-i18n-1.0-beta-10.jar:/Users/brenofarias/.m2/repository/org/codehaus/plexus/plexus-interpolation/1.26/plexus-interpolation-1.26.jar:/Users/brenofarias/.m2/repository/org/apache/maven/doxia/doxia-site-renderer/1.11.1/doxia-site-renderer-1.11.1.jar:/Users/brenofarias/.m2/repository/org/apache/maven/doxia/doxia-skin-model/1.11.1/doxia-skin-model-1.11.1.jar:/Users/brenofarias/.m2/repository/org/apache/maven/doxia/doxia-module-xhtml/1.11.1/doxia-module-xhtml-1.11.1.jar:/Users/brenofarias/.m2/repository/org/apache/maven/doxia/doxia-module-xhtml5/1.11.1/doxia-module-xhtml5-1.11.1.jar:/Users/brenofarias/.m2/repository/org/codehaus/plexus/plexus-velocity/1.2/plexus-velocity-1.2.jar:/Users/brenofarias/.m2/repository/org/apache/velocity/velocity/1.7/velocity-1.7.jar:/Users/brenofarias/.m2/repository/commons-lang/commons-lang/2.4/commons-lang-2.4.jar:/Users/brenofarias/.m2/repository/org/apache/velocity/velocity-tools/2.0/velocity-tools-2.0.jar:/Users/brenofarias/.m2/repository/commons-beanutils/commons-beanutils/1.7.0/commons-beanutils-1.7.0.jar:/Users/brenofarias/.m2/repository/commons-digester/commons-digester/1.8/commons-digester-1.8.jar:/Users/brenofarias/.m2/repository/commons-chain/commons-chain/1.1/commons-chain-1.1.jar:/Users/brenofarias/.m2/repository/dom4j/dom4j/1.1/dom4j-1.1.jar:/Users/brenofarias/.m2/repository/oro/oro/2.0.8/oro-2.0.8.jar:/Users/brenofarias/.m2/repository/commons-collections/commons-collections/3.2.2/commons-collections-3.2.2.jar:/Users/brenofarias/.m2/repository/org/codehaus/plexus/plexus-xml/3.0.0/plexus-xml-3.0.0.jar:/Users/brenofarias/.m2/repository/org/assertj/assertj-core/3.21.0/assertj-core-3.21.0.jar:/Users/brenofarias/.m2/repository/org/junit/jupiter/junit-jupiter-engine/5.9.1/junit-jupiter-engine-5.9.1.jar:/Users/brenofarias/.m2/repository/org/junit/platform/junit-platform-engine/1.9.1/junit-platform-engine-1.9.1.jar:/Users/brenofarias/.m2/repository/org/opentest4j/opentest4j/1.2.0/opentest4j-1.2.0.jar:/Users/brenofarias/.m2/repository/org/junit/platform/junit-platform-commons/1.9.1/junit-platform-commons-1.9.1.jar:/Users/brenofarias/.m2/repository/org/junit/jupiter/junit-jupiter-api/5.9.1/junit-jupiter-api-5.9.1.jar:/Users/brenofarias/.m2/repository/org/apiguardian/apiguardian-api/1.1.2/apiguardian-api-1.1.2.jar:/Users/brenofarias/.m2/repository/org/junit/vintage/junit-vintage-engine/5.9.1/junit-vintage-engine-5.9.1.jar:/Users/brenofarias/.m2/repository/junit/junit/4.13.2/junit-4.13.2.jar:/Users/brenofarias/.m2/repository/org/hamcrest/hamcrest-core/1.3/hamcrest-core-1.3.jar:"/>
    <property name="java.vm.vendor" value="Eclipse Adoptium"/>
    <property name="sun.arch.data.model" value="64"/>
    <property name="java.vendor.url" value="https://adoptium.net/"/>
    <property name="os.name" value="Mac OS X"/>
    <property name="java.vm.specification.version" value="17"/>
    <property name="sun.java.launcher" value="SUN_STANDARD"/>
    <property name="user.country" value="BR"/>
    <property name="sun.boot.library.path" value="/Users/brenofarias/.sdkman/candidates/java/17.0.9-tem/lib"/>
    <property name="sun.java.command" value="/Users/brenofarias/Documents/My Files/Backup/GitHub/Public/Master-UTFPR/PPGCC12 - Software Testing/Activities/Activity 04 - Mutators/target/surefire/surefirebooter-20250608151120566_3.jar /Users/brenofarias/Documents/My Files/Backup/GitHub/Public/Master-UTFPR/PPGCC12 - Software Testing/Activities/Activity 04 - Mutators/target/surefire 2025-06-08T15-11-20_519-jvmRun1 surefire-20250608151120566_1tmp surefire_0-20250608151120566_2tmp"/>
    <property name="http.nonProxyHosts" value="local|*.local|169.254/16|*.169.254/16"/>
    <property name="jdk.debug" value="release"/>
    <property name="surefire.test.class.path" value="/Users/brenofarias/Documents/My Files/Backup/GitHub/Public/Master-UTFPR/PPGCC12 - Software Testing/Activities/Activity 04 - Mutators/target/test-classes:/Users/brenofarias/Documents/My Files/Backup/GitHub/Public/Master-UTFPR/PPGCC12 - Software Testing/Activities/Activity 04 - Mutators/target/classes:/Users/brenofarias/.m2/repository/org/jacoco/jacoco-maven-plugin/0.8.11/jacoco-maven-plugin-0.8.11.jar:/Users/brenofarias/.m2/repository/org/codehaus/plexus/plexus-utils/3.0.24/plexus-utils-3.0.24.jar:/Users/brenofarias/.m2/repository/org/apache/maven/shared/file-management/3.1.0/file-management-3.1.0.jar:/Users/brenofarias/.m2/repository/org/slf4j/slf4j-api/1.7.36/slf4j-api-1.7.36.jar:/Users/brenofarias/.m2/repository/commons-io/commons-io/2.11.0/commons-io-2.11.0.jar:/Users/brenofarias/.m2/repository/org/apache/maven/reporting/maven-reporting-api/3.0/maven-reporting-api-3.0.jar:/Users/brenofarias/.m2/repository/org/jacoco/org.jacoco.agent/0.8.11/org.jacoco.agent-0.8.11-runtime.jar:/Users/brenofarias/.m2/repository/org/jacoco/org.jacoco.core/0.8.11/org.jacoco.core-0.8.11.jar:/Users/brenofarias/.m2/repository/org/ow2/asm/asm/9.6/asm-9.6.jar:/Users/brenofarias/.m2/repository/org/ow2/asm/asm-commons/9.6/asm-commons-9.6.jar:/Users/brenofarias/.m2/repository/org/ow2/asm/asm-tree/9.6/asm-tree-9.6.jar:/Users/brenofarias/.m2/repository/org/jacoco/org.jacoco.report/0.8.11/org.jacoco.report-0.8.11.jar:/Users/brenofarias/.m2/repository/org/apache/maven/plugins/maven-surefire-report-plugin/3.2.5/maven-surefire-report-plugin-3.2.5.jar:/Users/brenofarias/.m2/repository/org/apache/maven/surefire/surefire-report-parser/3.2.5/surefire-report-parser-3.2.5.jar:/Users/brenofarias/.m2/repository/org/apache/maven/surefire/surefire-logger-api/3.2.5/surefire-logger-api-3.2.5.jar:/Users/brenofarias/.m2/repository/org/apache/maven/shared/maven-shared-utils/3.3.4/maven-shared-utils-3.3.4.jar:/Users/brenofarias/.m2/repository/org/apache/maven/doxia/doxia-sink-api/1.12.0/doxia-sink-api-1.12.0.jar:/Users/brenofarias/.m2/repository/org/apache/maven/doxia/doxia-logging-api/1.12.0/doxia-logging-api-1.12.0.jar:/Users/brenofarias/.m2/repository/org/apache/maven/doxia/doxia-core/1.12.0/doxia-core-1.12.0.jar:/Users/brenofarias/.m2/repository/org/codehaus/plexus/plexus-container-default/2.1.0/plexus-container-default-2.1.0.jar:/Users/brenofarias/.m2/repository/org/codehaus/plexus/plexus-classworlds/2.6.0/plexus-classworlds-2.6.0.jar:/Users/brenofarias/.m2/repository/org/apache/xbean/xbean-reflect/3.7/xbean-reflect-3.7.jar:/Users/brenofarias/.m2/repository/com/google/collections/google-collections/1.0/google-collections-1.0.jar:/Users/brenofarias/.m2/repository/org/codehaus/plexus/plexus-component-annotations/2.1.0/plexus-component-annotations-2.1.0.jar:/Users/brenofarias/.m2/repository/org/apache/commons/commons-lang3/3.8.1/commons-lang3-3.8.1.jar:/Users/brenofarias/.m2/repository/org/apache/commons/commons-text/1.3/commons-text-1.3.jar:/Users/brenofarias/.m2/repository/org/apache/httpcomponents/httpclient/4.5.13/httpclient-4.5.13.jar:/Users/brenofarias/.m2/repository/commons-logging/commons-logging/1.2/commons-logging-1.2.jar:/Users/brenofarias/.m2/repository/commons-codec/commons-codec/1.11/commons-codec-1.11.jar:/Users/brenofarias/.m2/repository/org/apache/httpcomponents/httpcore/4.4.14/httpcore-4.4.14.jar:/Users/brenofarias/.m2/repository/org/apache/maven/reporting/maven-reporting-impl/3.2.0/maven-reporting-impl-3.2.0.jar:/Users/brenofarias/.m2/repository/org/apache/maven/maven-artifact/3.1.0/maven-artifact-3.1.0.jar:/Users/brenofarias/.m2/repository/org/apache/maven/doxia/doxia-decoration-model/1.11.1/doxia-decoration-model-1.11.1.jar:/Users/brenofarias/.m2/repository/org/apache/maven/doxia/doxia-integration-tools/1.11.1/doxia-integration-tools-1.11.1.jar:/Users/brenofarias/.m2/repository/org/apache/maven/maven-model/2.2.1/maven-model-2.2.1.jar:/Users/brenofarias/.m2/repository/org/codehaus/plexus/plexus-i18n/1.0-beta-10/plexus-i18n-1.0-beta-10.jar:/Users/brenofarias/.m2/repository/org/codehaus/plexus/plexus-interpolation/1.26/plexus-interpolation-1.26.jar:/Users/brenofarias/.m2/repository/org/apache/maven/doxia/doxia-site-renderer/1.11.1/doxia-site-renderer-1.11.1.jar:/Users/brenofarias/.m2/repository/org/apache/maven/doxia/doxia-skin-model/1.11.1/doxia-skin-model-1.11.1.jar:/Users/brenofarias/.m2/repository/org/apache/maven/doxia/doxia-module-xhtml/1.11.1/doxia-module-xhtml-1.11.1.jar:/Users/brenofarias/.m2/repository/org/apache/maven/doxia/doxia-module-xhtml5/1.11.1/doxia-module-xhtml5-1.11.1.jar:/Users/brenofarias/.m2/repository/org/codehaus/plexus/plexus-velocity/1.2/plexus-velocity-1.2.jar:/Users/brenofarias/.m2/repository/org/apache/velocity/velocity/1.7/velocity-1.7.jar:/Users/brenofarias/.m2/repository/commons-lang/commons-lang/2.4/commons-lang-2.4.jar:/Users/brenofarias/.m2/repository/org/apache/velocity/velocity-tools/2.0/velocity-tools-2.0.jar:/Users/brenofarias/.m2/repository/commons-beanutils/commons-beanutils/1.7.0/commons-beanutils-1.7.0.jar:/Users/brenofarias/.m2/repository/commons-digester/commons-digester/1.8/commons-digester-1.8.jar:/Users/brenofarias/.m2/repository/commons-chain/commons-chain/1.1/commons-chain-1.1.jar:/Users/brenofarias/.m2/repository/dom4j/dom4j/1.1/dom4j-1.1.jar:/Users/brenofarias/.m2/repository/oro/oro/2.0.8/oro-2.0.8.jar:/Users/brenofarias/.m2/repository/commons-collections/commons-collections/3.2.2/commons-collections-3.2.2.jar:/Users/brenofarias/.m2/repository/org/codehaus/plexus/plexus-xml/3.0.0/plexus-xml-3.0.0.jar:/Users/brenofarias/.m2/repository/org/assertj/assertj-core/3.21.0/assertj-core-3.21.0.jar:/Users/brenofarias/.m2/repository/org/junit/jupiter/junit-jupiter-engine/5.9.1/junit-jupiter-engine-5.9.1.jar:/Users/brenofarias/.m2/repository/org/junit/platform/junit-platform-engine/1.9.1/junit-platform-engine-1.9.1.jar:/Users/brenofarias/.m2/repository/org/opentest4j/opentest4j/1.2.0/opentest4j-1.2.0.jar:/Users/brenofarias/.m2/repository/org/junit/platform/junit-platform-commons/1.9.1/junit-platform-commons-1.9.1.jar:/Users/brenofarias/.m2/repository/org/junit/jupiter/junit-jupiter-api/5.9.1/junit-jupiter-api-5.9.1.jar:/Users/brenofarias/.m2/repository/org/apiguardian/apiguardian-api/1.1.2/apiguardian-api-1.1.2.jar:/Users/brenofarias/.m2/repository/org/junit/vintage/junit-vintage-engine/5.9.1/junit-vintage-engine-5.9.1.jar:/Users/brenofarias/.m2/repository/junit/junit/4.13.2/junit-4.13.2.jar:/Users/brenofarias/.m2/repository/org/hamcrest/hamcrest-core/1.3/hamcrest-core-1.3.jar:"/>
    <property name="sun.cpu.endian" value="little"/>
    <property name="user.home" value="/Users/brenofarias"/>
    <property name="user.language" value="en"/>
    <property name="java.specification.vendor" value="Oracle Corporation"/>
    <property name="java.version.date" value="2023-10-17"/>
    <property name="java.home" value="/Users/brenofarias/.sdkman/candidates/java/17.0.9-tem"/>
    <property name="file.separator" value="/"/>
    <property name="basedir" value="/Users/brenofarias/Documents/My Files/Backup/GitHub/Public/Master-UTFPR/PPGCC12 - Software Testing/Activities/Activity 04 - Mutators"/>
    <property name="java.vm.compressedOopsMode" value="Zero based"/>
    <property name="line.separator" value="&#10;"/>
    <property name="java.specification.name" value="Java Platform API Specification"/>
    <property name="java.vm.specification.vendor" value="Oracle Corporation"/>
    <property name="surefire.real.class.path" value="/Users/brenofarias/Documents/My Files/Backup/GitHub/Public/Master-UTFPR/PPGCC12 - Software Testing/Activities/Activity 04 - Mutators/target/surefire/surefirebooter-20250608151120566_3.jar"/>
    <property name="sun.management.compiler" value="HotSpot 64-Bit Tiered Compilers"/>
    <property name="ftp.nonProxyHosts" value="local|*.local|169.254/16|*.169.254/16"/>
    <property name="java.runtime.version" value="17.0.9+9"/>
    <property name="user.name" value="brenofarias"/>
    <property name="path.separator" value=":"/>
    <property name="os.version" value="15.4"/>
    <property name="java.runtime.name" value="OpenJDK Runtime Environment"/>
    <property name="file.encoding" value="UTF-8"/>
    <property name="java.vm.name" value="OpenJDK 64-Bit Server VM"/>
    <property name="java.vendor.version" value="Temurin-17.0.9+9"/>
    <property name="localRepository" value="/Users/brenofarias/.m2/repository"/>
    <property name="java.vendor.url.bug" value="https://github.com/adoptium/adoptium-support/issues"/>
    <property name="java.io.tmpdir" value="/var/folders/21/dk90_3n13b380h4sk7xpkhqm0000gn/T/"/>
    <property name="java.version" value="17.0.9"/>
    <property name="user.dir" value="/Users/brenofarias/Documents/My Files/Backup/GitHub/Public/Master-UTFPR/PPGCC12 - Software Testing/Activities/Activity 04 - Mutators"/>
    <property name="os.arch" value="aarch64"/>
    <property name="java.vm.specification.name" value="Java Virtual Machine Specification"/>
    <property name="native.encoding" value="UTF-8"/>
    <property name="java.library.path" value="/Users/brenofarias/Library/Java/Extensions:/Library/Java/Extensions:/Network/Library/Java/Extensions:/System/Library/Java/Extensions:/usr/lib/java:."/>
    <property name="java.vm.info" value="mixed mode"/>
    <property name="java.vendor" value="Eclipse Adoptium"/>
    <property name="java.vm.version" value="17.0.9+9"/>
    <property name="sun.io.unicode.encoding" value="UnicodeBig"/>
    <property name="socksNonProxyHosts" value="local|*.local|169.254/16|*.169.254/16"/>
    <property name="java.class.version" value="61.0"/>
  </properties>
  <testcase name="testNonLeapYearDivisibleBy100Not400" classname="edu.utfpr.MainTest" time="0.023"/>
  <testcase name="testJune2025Header" classname="edu.utfpr.MainTest" time="0.001"/>
  <testcase name="testShortestMonthPositioning" classname="edu.utfpr.MainTest" time="0.002"/>
  <testcase name="testFullWeekRow" classname="edu.utfpr.MainTest" time="0.001"/>
  <testcase name="testLeapYearDivisibleBy400" classname="edu.utfpr.MainTest" time="0.001"/>
  <testcase name="testFebruary2021" classname="edu.utfpr.MainTest" time="0.001"/>
  <testcase name="testFebruaryLeapYear" classname="edu.utfpr.MainTest" time="0.0"/>
  <testcase name="testMonthStartsOnSunday" classname="edu.utfpr.MainTest" time="0.0"/>
  <testcase name="testValidMaximumMonth" classname="edu.utfpr.MainTest" time="0.0"/>
  <testcase name="testFirstDayPosition" classname="edu.utfpr.MainTest" time="0.0"/>
  <testcase name="testValidMinimumMonth" classname="edu.utfpr.MainTest" time="0.001"/>
  <testcase name="testAlignmentOfFirstDayMonday" classname="edu.utfpr.MainTest" time="0.001"/>
  <testcase name="testFebruaryNonLeapYear" classname="edu.utfpr.MainTest" time="0.001"/>
  <testcase name="testMonthWith28Days" classname="edu.utfpr.MainTest" time="0.0"/>
  <testcase name="testMonthWith30Days" classname="edu.utfpr.MainTest" time="0.0"/>
  <testcase name="testMonthWith31Days" classname="edu.utfpr.MainTest" time="0.0"/>
  <testcase name="testDecemberEndsOnTuesday2024" classname="edu.utfpr.MainTest" time="0.001"/>
  <testcase name="testAlignmentOfFirstDaySaturday" classname="edu.utfpr.MainTest" time="0.001"/>
  <testcase name="testLastDayOfMonth" classname="edu.utfpr.MainTest" time="0.0"/>
</testsuite>