<?xml version="1.0" encoding="UTF-8"?>
<testsuite xmlns:xsi="http://www.w3.org/2001/XMLSchema-instance" xsi:noNamespaceSchemaLocation="https://maven.apache.org/surefire/maven-surefire-plugin/xsd/surefire-test-report-3.0.xsd" version="3.0" name="edu.utfpr.IdentifierTest" time="0.479" tests="3" errors="0" skipped="0" failures="1">
  <properties>
    <property name="java.specification.version" value="17"/>
    <property name="sun.jnu.encoding" value="UTF-8"/>
    <property name="java.class.path" value="/Users/brenofarias/Documents/My Files/Backup/GitHub/Public/Master-UTFPR/PPGCC12 - Software Testing/Activities/Activity 05 - Properties/target/test-classes:/Users/brenofarias/Documents/My Files/Backup/GitHub/Public/Master-UTFPR/PPGCC12 - Software Testing/Activities/Activity 05 - Properties/target/classes:/Users/brenofarias/.m2/repository/net/jqwik/jqwik/1.6.4/jqwik-1.6.4.jar:/Users/brenofarias/.m2/repository/org/apiguardian/apiguardian-api/1.1.2/apiguardian-api-1.1.2.jar:/Users/brenofarias/.m2/repository/net/jqwik/jqwik-api/1.6.4/jqwik-api-1.6.4.jar:/Users/brenofarias/.m2/repository/net/jqwik/jqwik-web/1.6.4/jqwik-web-1.6.4.jar:/Users/brenofarias/.m2/repository/net/jqwik/jqwik-time/1.6.4/jqwik-time-1.6.4.jar:/Users/brenofarias/.m2/repository/net/jqwik/jqwik-engine/1.6.4/jqwik-engine-1.6.4.jar:/Users/brenofarias/.m2/repository/org/junit/jupiter/junit-jupiter-api/5.9.1/junit-jupiter-api-5.9.1.jar:/Users/brenofarias/.m2/repository/org/opentest4j/opentest4j/1.2.0/opentest4j-1.2.0.jar:/Users/brenofarias/.m2/repository/org/junit/platform/junit-platform-commons/1.9.1/junit-platform-commons-1.9.1.jar:/Users/brenofarias/.m2/repository/org/junit/jupiter/junit-jupiter-engine/5.9.1/junit-jupiter-engine-5.9.1.jar:/Users/brenofarias/.m2/repository/org/junit/platform/junit-platform-engine/1.9.1/junit-platform-engine-1.9.1.jar:/Users/brenofarias/.m2/repository/org/assertj/assertj-core/3.21.0/assertj-core-3.21.0.jar:"/>
    <property name="java.vm.vendor" value="Eclipse Adoptium"/>
    <property name="sun.arch.data.model" value="64"/>
    <property name="java.vendor.url" value="https://adoptium.net/"/>
    <property name="user.timezone" value="America/Sao_Paulo"/>
    <property name="os.name" value="Mac OS X"/>
    <property name="java.vm.specification.version" value="17"/>
    <property name="sun.java.launcher" value="SUN_STANDARD"/>
    <property name="user.country" value="BR"/>
    <property name="sun.boot.library.path" value="/Users/brenofarias/.sdkman/candidates/java/17.0.9-tem/lib"/>
    <property name="sun.java.command" value="/Users/brenofarias/Documents/My Files/Backup/GitHub/Public/Master-UTFPR/PPGCC12 - Software Testing/Activities/Activity 05 - Properties/target/surefire/surefirebooter-20250615164520490_3.jar /Users/brenofarias/Documents/My Files/Backup/GitHub/Public/Master-UTFPR/PPGCC12 - Software Testing/Activities/Activity 05 - Properties/target/surefire 2025-06-15T16-45-20_437-jvmRun1 surefire-20250615164520490_1tmp surefire_0-20250615164520490_2tmp"/>
    <property name="http.nonProxyHosts" value="local|*.local|169.254/16|*.169.254/16"/>
    <property name="jdk.debug" value="release"/>
    <property name="surefire.test.class.path" value="/Users/brenofarias/Documents/My Files/Backup/GitHub/Public/Master-UTFPR/PPGCC12 - Software Testing/Activities/Activity 05 - Properties/target/test-classes:/Users/brenofarias/Documents/My Files/Backup/GitHub/Public/Master-UTFPR/PPGCC12 - Software Testing/Activities/Activity 05 - Properties/target/classes:/Users/brenofarias/.m2/repository/net/jqwik/jqwik/1.6.4/jqwik-1.6.4.jar:/Users/brenofarias/.m2/repository/org/apiguardian/apiguardian-api/1.1.2/apiguardian-api-1.1.2.jar:/Users/brenofarias/.m2/repository/net/jqwik/jqwik-api/1.6.4/jqwik-api-1.6.4.jar:/Users/brenofarias/.m2/repository/net/jqwik/jqwik-web/1.6.4/jqwik-web-1.6.4.jar:/Users/brenofarias/.m2/repository/net/jqwik/jqwik-time/1.6.4/jqwik-time-1.6.4.jar:/Users/brenofarias/.m2/repository/net/jqwik/jqwik-engine/1.6.4/jqwik-engine-1.6.4.jar:/Users/brenofarias/.m2/repository/org/junit/jupiter/junit-jupiter-api/5.9.1/junit-jupiter-api-5.9.1.jar:/Users/brenofarias/.m2/repository/org/opentest4j/opentest4j/1.2.0/opentest4j-1.2.0.jar:/Users/brenofarias/.m2/repository/org/junit/platform/junit-platform-commons/1.9.1/junit-platform-commons-1.9.1.jar:/Users/brenofarias/.m2/repository/org/junit/jupiter/junit-jupiter-engine/5.9.1/junit-jupiter-engine-5.9.1.jar:/Users/brenofarias/.m2/repository/org/junit/platform/junit-platform-engine/1.9.1/junit-platform-engine-1.9.1.jar:/Users/brenofarias/.m2/repository/org/assertj/assertj-core/3.21.0/assertj-core-3.21.0.jar:"/>
    <property name="sun.cpu.endian" value="little"/>
    <property name="user.home" value="/Users/brenofarias"/>
    <property name="user.language" value="en"/>
    <property name="java.specification.vendor" value="Oracle Corporation"/>
    <property name="java.version.date" value="2023-10-17"/>
    <property name="java.home" value="/Users/brenofarias/.sdkman/candidates/java/17.0.9-tem"/>
    <property name="file.separator" value="/"/>
    <property name="basedir" value="/Users/brenofarias/Documents/My Files/Backup/GitHub/Public/Master-UTFPR/PPGCC12 - Software Testing/Activities/Activity 05 - Properties"/>
    <property name="java.vm.compressedOopsMode" value="Zero based"/>
    <property name="line.separator" value="&#10;"/>
    <property name="java.vm.specification.vendor" value="Oracle Corporation"/>
    <property name="java.specification.name" value="Java Platform API Specification"/>
    <property name="surefire.real.class.path" value="/Users/brenofarias/Documents/My Files/Backup/GitHub/Public/Master-UTFPR/PPGCC12 - Software Testing/Activities/Activity 05 - Properties/target/surefire/surefirebooter-20250615164520490_3.jar"/>
    <property name="sun.management.compiler" value="HotSpot 64-Bit Tiered Compilers"/>
    <property name="ftp.nonProxyHosts" value="local|*.local|169.254/16|*.169.254/16"/>
    <property name="java.runtime.version" value="17.0.9+9"/>
    <property name="user.name" value="brenofarias"/>
    <property name="path.separator" value=":"/>
    <property name="os.version" value="15.4"/>
    <property name="java.runtime.name" value="OpenJDK Runtime Environment"/>
    <property name="file.encoding" value="UTF-8"/>
    <property name="java.vm.name" value="OpenJDK 64-Bit Server VM"/>
    <property name="java.vendor.version" value="Temurin-17.0.9+9"/>
    <property name="localRepository" value="/Users/brenofarias/.m2/repository"/>
    <property name="java.vendor.url.bug" value="https://github.com/adoptium/adoptium-support/issues"/>
    <property name="java.io.tmpdir" value="/var/folders/21/dk90_3n13b380h4sk7xpkhqm0000gn/T/"/>
    <property name="java.version" value="17.0.9"/>
    <property name="user.dir" value="/Users/brenofarias/Documents/My Files/Backup/GitHub/Public/Master-UTFPR/PPGCC12 - Software Testing/Activities/Activity 05 - Properties"/>
    <property name="os.arch" value="aarch64"/>
    <property name="java.vm.specification.name" value="Java Virtual Machine Specification"/>
    <property name="native.encoding" value="UTF-8"/>
    <property name="java.library.path" value="/Users/brenofarias/Library/Java/Extensions:/Library/Java/Extensions:/Network/Library/Java/Extensions:/System/Library/Java/Extensions:/usr/lib/java:."/>
    <property name="java.vm.info" value="mixed mode"/>
    <property name="java.vendor" value="Eclipse Adoptium"/>
    <property name="java.vm.version" value="17.0.9+9"/>
    <property name="sun.io.unicode.encoding" value="UnicodeBig"/>
    <property name="socksNonProxyHosts" value="local|*.local|169.254/16|*.169.254/16"/>
    <property name="java.class.version" value="61.0"/>
  </properties>
  <testcase name="validIdentifiers" classname="edu.utfpr.IdentifierTest" time="0.271">
    <failure message="&#10;Expecting value to be true but was false" type="org.opentest4j.AssertionFailedError"><![CDATA[org.opentest4j.AssertionFailedError: 

Expecting value to be true but was false
	at java.base/jdk.internal.reflect.NativeConstructorAccessorImpl.newInstance0(Native Method)
	at java.base/jdk.internal.reflect.NativeConstructorAccessorImpl.newInstance(NativeConstructorAccessorImpl.java:77)
	at java.base/jdk.internal.reflect.DelegatingConstructorAccessorImpl.newInstance(DelegatingConstructorAccessorImpl.java:45)
	at java.base/java.lang.reflect.Constructor.newInstanceWithCaller(Constructor.java:499)
	at edu.utfpr.IdentifierTest.validIdentifiers(IdentifierTest.java:20)
	at java.base/jdk.internal.reflect.NativeMethodAccessorImpl.invoke0(Native Method)
	at java.base/jdk.internal.reflect.NativeMethodAccessorImpl.invoke(NativeMethodAccessorImpl.java:77)
	at java.base/jdk.internal.reflect.DelegatingMethodAccessorImpl.invoke(DelegatingMethodAccessorImpl.java:43)
	at java.base/java.lang.reflect.Method.invoke(Method.java:568)
	at org.junit.platform.commons.util.ReflectionUtils.invokeMethod(ReflectionUtils.java:727)
	at org.junit.platform.commons.support.ReflectionSupport.invokeMethod(ReflectionSupport.java:198)
	at net.jqwik.engine.execution.CheckedPropertyFactory.lambda$createRawFunction$1(CheckedPropertyFactory.java:84)
	at net.jqwik.engine.execution.CheckedPropertyFactory.lambda$createRawFunction$2(CheckedPropertyFactory.java:91)
	at net.jqwik.engine.properties.CheckedFunction.execute(CheckedFunction.java:17)
	at net.jqwik.api.lifecycle.AroundTryHook.lambda$static$0(AroundTryHook.java:57)
	at net.jqwik.engine.execution.lifecycle.HookSupport.lambda$wrap$2(HookSupport.java:48)
	at net.jqwik.engine.hooks.lifecycle.TryLifecycleMethodsHook.aroundTry(TryLifecycleMethodsHook.java:57)
	at net.jqwik.engine.execution.lifecycle.HookSupport.lambda$wrap$3(HookSupport.java:53)
	at net.jqwik.engine.execution.CheckedPropertyFactory.lambda$createTryExecutor$0(CheckedPropertyFactory.java:60)
	at net.jqwik.engine.execution.lifecycle.AroundTryLifecycle.execute(AroundTryLifecycle.java:23)
	at net.jqwik.engine.properties.GenericProperty.lambda$createFalsifier$1(GenericProperty.java:229)
	at net.jqwik.engine.properties.shrinking.PropertyShrinker.lambda$shrink$0(PropertyShrinker.java:55)
	at net.jqwik.engine.properties.shrinking.PropertyShrinker.lambda$shrinkAsLongAsSampleImproves$6(PropertyShrinker.java:122)
	at net.jqwik.engine.properties.shrinking.AbstractSampleShrinker.lambda$falsify$5(AbstractSampleShrinker.java:91)
	at java.base/java.util.HashMap.computeIfAbsent(HashMap.java:1220)
	at net.jqwik.engine.properties.shrinking.AbstractSampleShrinker.falsify(AbstractSampleShrinker.java:91)
	at net.jqwik.engine.properties.shrinking.AbstractSampleShrinker.lambda$shrink$2(AbstractSampleShrinker.java:53)
	at java.base/java.util.stream.ReferencePipeline$3$1.accept(ReferencePipeline.java:197)
	at java.base/java.util.stream.ReferencePipeline$2$1.accept(ReferencePipeline.java:179)
	at java.base/java.util.stream.ReferencePipeline$15$1.accept(ReferencePipeline.java:541)
	at java.base/java.util.stream.ReferencePipeline$3$1.accept(ReferencePipeline.java:197)
	at java.base/java.util.stream.StreamSpliterators$WrappingSpliterator.tryAdvance(StreamSpliterators.java:300)
	at java.base/java.util.stream.Streams$ConcatSpliterator.tryAdvance(Streams.java:723)
	at java.base/java.util.stream.Streams$ConcatSpliterator.tryAdvance(Streams.java:723)
	at java.base/java.util.stream.Streams$ConcatSpliterator.tryAdvance(Streams.java:720)
	at java.base/java.util.stream.Streams$ConcatSpliterator.tryAdvance(Streams.java:723)
	at java.base/java.util.stream.Streams$ConcatSpliterator.tryAdvance(Streams.java:727)
	at java.base/java.util.stream.ReferencePipeline.forEachWithCancel(ReferencePipeline.java:129)
	at java.base/java.util.stream.AbstractPipeline.copyIntoWithCancel(AbstractPipeline.java:527)
	at java.base/java.util.stream.AbstractPipeline.copyInto(AbstractPipeline.java:513)
	at java.base/java.util.stream.AbstractPipeline.wrapAndCopyInto(AbstractPipeline.java:499)
	at java.base/java.util.stream.FindOps$FindOp.evaluateSequential(FindOps.java:150)
	at java.base/java.util.stream.AbstractPipeline.evaluate(AbstractPipeline.java:234)
	at java.base/java.util.stream.ReferencePipeline.findAny(ReferencePipeline.java:652)
	at net.jqwik.engine.properties.shrinking.AbstractSampleShrinker.shrink(AbstractSampleShrinker.java:63)
	at net.jqwik.engine.properties.shrinking.OneAfterTheOtherParameterShrinker.shrinkSingleParameter(OneAfterTheOtherParameterShrinker.java:43)
	at net.jqwik.engine.properties.shrinking.OneAfterTheOtherParameterShrinker.shrink(OneAfterTheOtherParameterShrinker.java:25)
	at net.jqwik.engine.properties.shrinking.ShrinkingAlgorithm.shrinkOneParameterAfterTheOther(ShrinkingAlgorithm.java:52)
	at net.jqwik.engine.properties.shrinking.ShrinkingAlgorithm.shrink(ShrinkingAlgorithm.java:32)
	at net.jqwik.engine.properties.shrinking.PropertyShrinker.shrinkAsLongAsSampleImproves(PropertyShrinker.java:135)
	at net.jqwik.engine.properties.shrinking.PropertyShrinker.lambda$shrink$3(PropertyShrinker.java:87)
	at net.jqwik.engine.execution.lifecycle.CurrentTestDescriptor.runWithDescriptor(CurrentTestDescriptor.java:17)
	at net.jqwik.engine.properties.shrinking.PropertyShrinker.lambda$withTimeout$4(PropertyShrinker.java:103)
	at net.jqwik.engine.execution.lifecycle.CurrentDomainContext.runWithContext(CurrentDomainContext.java:28)
	at net.jqwik.engine.properties.shrinking.PropertyShrinker.lambda$withTimeout$5(PropertyShrinker.java:101)
	at java.base/java.util.concurrent.CompletableFuture$AsyncSupply.run(CompletableFuture.java:1768)
	at java.base/java.util.concurrent.CompletableFuture$AsyncSupply.exec(CompletableFuture.java:1760)
	at java.base/java.util.concurrent.ForkJoinTask.doExec(ForkJoinTask.java:373)
	at java.base/java.util.concurrent.ForkJoinPool$WorkQueue.topLevelExec(ForkJoinPool.java:1182)
	at java.base/java.util.concurrent.ForkJoinPool.scan(ForkJoinPool.java:1655)
	at java.base/java.util.concurrent.ForkJoinPool.runWorker(ForkJoinPool.java:1622)
	at java.base/java.util.concurrent.ForkJoinWorkerThread.run(ForkJoinWorkerThread.java:165)
]]></failure>
    <system-out><![CDATA[timestamp = 2025-06-15T16:45:21.252443, IdentifierTest:validIdentifiers = 
  org.opentest4j.AssertionFailedError:
    Expecting value to be true but was false

                              |-------------------jqwik-------------------
tries = 1                     | # of calls to property
checks = 1                    | # of not rejected calls
generation = RANDOMIZED       | parameters are randomly generated
after-failure = PREVIOUS_SEED | use the previous seed
when-fixed-seed = ALLOW       | fixing the random seed is allowed
edge-cases#mode = MIXIN       | edge cases are mixed in
edge-cases#total = 5          | # of all combined edge cases
edge-cases#tried = 0          | # of edge cases tried in current run
seed = 6037628832719514092    | random seed to reproduce generated values

Shrunk Sample (5 steps)
-----------------------
  arg0: "AA"

Original Sample
---------------
  arg0: "YxU"

  Original Error
  --------------
  org.opentest4j.AssertionFailedError:
    Expecting value to be true but was false


]]></system-out>
    <system-err><![CDATA[Jun 15, 2025 4:45:21 PM net.jqwik.engine.execution.AfterFailureParametersGenerator logAfterFailureHandling
INFO: After Failure Handling: PREVIOUS_SEED, Previous Generation: <GenerationInfo(6037628832719514092, 1, [size=11])>
]]></system-err>
  </testcase>
  <testcase name="invalidLengthIdentifiers" classname="edu.utfpr.IdentifierTest" time="0.139">
    <system-out><![CDATA[timestamp = 2025-06-15T16:45:21.399582, IdentifierTest:invalidLengthIdentifiers = 
                              |-------------------jqwik-------------------
tries = 1000                  | # of calls to property
checks = 1000                 | # of not rejected calls
generation = RANDOMIZED       | parameters are randomly generated
after-failure = PREVIOUS_SEED | use the previous seed
when-fixed-seed = ALLOW       | fixing the random seed is allowed
edge-cases#mode = MIXIN       | edge cases are mixed in
edge-cases#total = 2          | # of all combined edge cases
edge-cases#tried = 2          | # of edge cases tried in current run
seed = 9162509168464855569    | random seed to reproduce generated values


]]></system-out>
  </testcase>
  <testcase name="invalidCharacterIdentifiers" classname="edu.utfpr.IdentifierTest" time="0.052">
    <system-out><![CDATA[timestamp = 2025-06-15T16:45:21.452410, IdentifierTest:invalidCharacterIdentifiers = 
                              |-------------------jqwik-------------------
tries = 1000                  | # of calls to property
checks = 1000                 | # of not rejected calls
generation = RANDOMIZED       | parameters are randomly generated
after-failure = PREVIOUS_SEED | use the previous seed
when-fixed-seed = ALLOW       | fixing the random seed is allowed
edge-cases#mode = MIXIN       | edge cases are mixed in
edge-cases#total = 3          | # of all combined edge cases
edge-cases#tried = 3          | # of edge cases tried in current run
seed = -8456278796167114438   | random seed to reproduce generated values


]]></system-out>
  </testcase>
</testsuite>